<?xml version="1.0" encoding="UTF-8"?>
<testng-results ignored="0" total="1" passed="1" failed="0" skipped="0">
  <reporter-output>
  </reporter-output>
  <suite started-at="2023-10-23T09:44:24 EET" name="Default suite" finished-at="2023-10-23T09:44:30 EET" duration-ms="6822">
    <groups>
    </groups>
    <test started-at="2023-10-23T09:44:24 EET" name="Default test" finished-at="2023-10-23T09:44:30 EET" duration-ms="6822">
      <class name="my_progect1.MyFirestTestCase">
        <test-method is-config="true" signature="mySetup()[pri:0, instance:my_progect1.MyFirestTestCase@c00fff0]" started-at="2023-10-23T09:44:24 EET" name="mySetup" finished-at="2023-10-23T09:44:30 EET" duration-ms="6769" status="PASS">
          <reporter-output>
          </reporter-output>
        </test-method> <!-- mySetup -->
        <test-method signature="MyFierstTest()[pri:0, instance:my_progect1.MyFirestTestCase@c00fff0]" started-at="2023-10-23T09:44:30 EET" name="MyFierstTest" finished-at="2023-10-23T09:44:30 EET" duration-ms="7" status="PASS">
          <reporter-output>
          </reporter-output>
        </test-method> <!-- MyFierstTest -->
        <test-method is-config="true" signature="myPostTesting()[pri:0, instance:my_progect1.MyFirestTestCase@c00fff0]" started-at="2023-10-23T09:44:30 EET" name="myPostTesting" finished-at="2023-10-23T09:44:30 EET" duration-ms="1" status="PASS">
          <reporter-output>
          </reporter-output>
        </test-method> <!-- myPostTesting -->
      </class> <!-- my_progect1.MyFirestTestCase -->
    </test> <!-- Default test -->
  </suite> <!-- Default suite -->
</testng-results>
